<?xml version="1.0" encoding="UTF-8"?>
<!-- Generated by org.testng.reporters.JUnitXMLReporter -->
<testsuite ignored="0" hostname="LAPTOP-0SSNR9QF" failures="0" tests="2" name="Default test" time="14.108" errors="0" timestamp="2025-09-19T00:14:50 ICT">
  <testcase classname="automation.testsuite.ChauVoi_SoftByCategory" name="testCategoryChau" time="1.002"/>
  <testcase classname="automation.testsuite.ChauVoi_SoftByCategory" name="testCategoryVoi" time="0.924"/>
</testsuite> <!-- Default test -->
