<?xml version="1.0" encoding="UTF-8"?>
<testng-results ignored="0" total="1" passed="1" failed="0" skipped="0">
  <reporter-output>
  </reporter-output>
  <suite started-at="2025-09-19T23:01:48 ICT" name="Default suite" finished-at="2025-09-19T23:02:01 ICT" duration-ms="13116">
    <groups>
    </groups>
    <test started-at="2025-09-19T23:01:48 ICT" name="Default test" finished-at="2025-09-19T23:02:01 ICT" duration-ms="13116">
      <class name="automation.testsuite.ChauVoi_SoftByBrand">
        <test-method is-config="true" signature="openBrowser()[pri:0, instance:automation.testsuite.ChauVoi_SoftByBrand@765d7657]" started-at="2025-09-19T23:01:48 ICT" name="openBrowser" finished-at="2025-09-19T23:01:56 ICT" duration-ms="7742" status="PASS">
          <reporter-output>
          </reporter-output>
        </test-method> <!-- openBrowser -->
        <test-method signature="locTheoHangKainer()[pri:0, instance:automation.testsuite.ChauVoi_SoftByBrand@765d7657]" started-at="2025-09-19T23:01:56 ICT" name="locTheoHangKainer" finished-at="2025-09-19T23:02:01 ICT" duration-ms="5171" status="PASS">
          <reporter-output>
          </reporter-output>
        </test-method> <!-- locTheoHangKainer -->
        <test-method is-config="true" signature="closeBrowser()[pri:0, instance:automation.testsuite.ChauVoi_SoftByBrand@765d7657]" started-at="2025-09-19T23:02:01 ICT" name="closeBrowser" finished-at="2025-09-19T23:02:01 ICT" duration-ms="161" status="PASS">
          <reporter-output>
          </reporter-output>
        </test-method> <!-- closeBrowser -->
      </class> <!-- automation.testsuite.ChauVoi_SoftByBrand -->
    </test> <!-- Default test -->
  </suite> <!-- Default suite -->
</testng-results>
