<?xml version="1.0" encoding="UTF-8"?>
<testng-results ignored="0" total="1" passed="1" failed="0" skipped="0">
  <reporter-output>
  </reporter-output>
  <suite started-at="2025-09-20T21:28:45 ICT" name="Default suite" finished-at="2025-09-20T21:28:53 ICT" duration-ms="8627">
    <groups>
    </groups>
    <test started-at="2025-09-20T21:28:45 ICT" name="Default test" finished-at="2025-09-20T21:28:53 ICT" duration-ms="8627">
      <class name="automation.testsuite.ChauVoi_CheckOut">
        <test-method is-config="true" signature="openBrowser()[pri:0, instance:automation.testsuite.ChauVoi_CheckOut@515c6049]" started-at="2025-09-20T21:28:45 ICT" name="openBrowser" finished-at="2025-09-20T21:28:50 ICT" duration-ms="5547" status="PASS">
          <reporter-output>
          </reporter-output>
        </test-method> <!-- openBrowser -->
        <test-method signature="testCheckoutFlow()[pri:0, instance:automation.testsuite.ChauVoi_CheckOut@515c6049]" started-at="2025-09-20T21:28:50 ICT" name="testCheckoutFlow" finished-at="2025-09-20T21:28:53 ICT" duration-ms="3029" status="PASS">
          <reporter-output>
          </reporter-output>
        </test-method> <!-- testCheckoutFlow -->
      </class> <!-- automation.testsuite.ChauVoi_CheckOut -->
    </test> <!-- Default test -->
  </suite> <!-- Default suite -->
</testng-results>
