<?xml version="1.0" encoding="UTF-8"?>
<!-- Generated by org.testng.reporters.JUnitXMLReporter -->
<testsuite ignored="0" hostname="LAPTOP-0SSNR9QF" failures="1" tests="17" name="Regression test on Firefox" time="95.646" errors="0" timestamp="2025-09-20T19:16:08 ICT">
  <testcase classname="automation.testsuite.ChauVoi_SoftByPrice" name="test10To15Trieu" time="0.0">
    <skipped/>
  </testcase> <!-- test10To15Trieu -->
  <testcase classname="automation.testsuite.ChauVoi_SoftByPrice" name="test3To5Trieu" time="0.0">
    <skipped/>
  </testcase> <!-- test3To5Trieu -->
  <testcase classname="automation.testsuite.ChauVoi_SoftByPrice" name="test5To10Trieu" time="0.0">
    <skipped/>
  </testcase> <!-- test5To10Trieu -->
  <testcase classname="automation.testsuite.ChauVoi_SoftByPrice" name="testDuoi3Trieu" time="0.0">
    <skipped/>
  </testcase> <!-- testDuoi3Trieu -->
  <testcase classname="automation.testsuite.ChauVoi_SoftByPrice" name="testPriceAndBrand" time="0.0">
    <skipped/>
  </testcase> <!-- testPriceAndBrand -->
  <testcase classname="automation.testsuite.ChauVoi_SoftByPrice" name="testPriceAndMaterial" time="0.0">
    <skipped/>
  </testcase> <!-- testPriceAndMaterial -->
  <testcase classname="automation.testsuite.ChauVoi_SoftByPrice" name="testPriceAndOrigin" time="0.0">
    <skipped/>
  </testcase> <!-- testPriceAndOrigin -->
  <testcase classname="automation.testsuite.ChauVoi_SoftByPrice" name="testSapXepGiaCao" time="0.0">
    <skipped/>
  </testcase> <!-- testSapXepGiaCao -->
  <testcase classname="automation.testsuite.ChauVoi_SoftByPrice" name="testSapXepGiaThap" time="0.0">
    <skipped/>
  </testcase> <!-- testSapXepGiaThap -->
  <testcase classname="automation.testsuite.ChauVoi_SoftByPrice" name="testSapXepGiamGiaNhieu" time="0.0">
    <skipped/>
  </testcase> <!-- testSapXepGiamGiaNhieu -->
  <testcase classname="automation.testsuite.ChauVoi_SoftByPrice" name="testTren15Trieu" time="0.0">
    <skipped/>
  </testcase> <!-- testTren15Trieu -->
  <testcase classname="automation.testsuite.ChauVoi_SoftByOrigin" name="locTheoXuatXu_ThuySy" time="0.0">
    <skipped/>
  </testcase> <!-- locTheoXuatXu_ThuySy -->
  <testcase classname="automation.testsuite.ChauVoi_SoftByMaterial" name="locTheoChatLieu_Inox304" time="0.0">
    <skipped/>
  </testcase> <!-- locTheoChatLieu_Inox304 -->
  <testcase classname="automation.testsuite.ChauVoi_SoftByMaterial" name="testOriginAndMaterial" time="0.0">
    <skipped/>
  </testcase> <!-- testOriginAndMaterial -->
  <testcase classname="automation.testsuite.ChauVoi_SoftByCategory" name="testCategoryChau" time="1.69"/>
  <testcase classname="automation.testsuite.ChauVoi_SoftByCategory" name="testCategoryVoi" time="0.361">
    <failure type="java.lang.AssertionError" message="Tên sản phẩm không chứa &amp;apos;vòi&amp;apos;: chậu hai hố skyler nano bậc thang lệch 8245hnd expected [true] but found [false]">
      <![CDATA[java.lang.AssertionError: Tên sản phẩm không chứa 'vòi': chậu hai hố skyler nano bậc thang lệch 8245hnd expected [true] but found [false]
at automation.testsuite.ChauVoi_SoftByCategory.testCategoryVoi(ChauVoi_SoftByCategory.java:64)
at java.base/java.util.ArrayList.forEach(ArrayList.java:1596)
... Removed 28 stack frames]]>
    </failure>
  </testcase> <!-- testCategoryVoi -->
  <testcase classname="automation.testsuite.ChauVoi_SoftByBrand" name="locTheoHangKainer" time="5.217"/>
</testsuite> <!-- Regression test on Firefox -->
